Build target 'MQTT_DEMO'
assembling startup_stm32f103xe.s...
compiling main.c...
../UI/ui.h(23): warning:  #1-D: last line of file ends without a newline
  #endif
../Core/Src/main.c(88): warning:  #223-D: function "Delay_us" declared implicitly
      Delay_us(10);
../Core/Src/main.c(96): warning:  #187-D: use of "=" where "==" may have been intended
      if (arg_int = 0)
../Core/Src/main.c(98): warning:  #187-D: use of "=" where "==" may have been intended
      else if (arg_int = 1)
../Core/Src/main.c(172): warning:  #177-D: variable "timeCount" was declared but never referenced
    unsigned short timeCount = 0; // 发送间隔变量
../Core/Src/main.c: 5 warnings, 0 errors
compiling gpio.c...
Fatal error: C3904U: Could not open via file 'mqtt_demo\gpio.__i'.
compiling i2c.c...
Fatal error: C3904U: Could not open via file 'mqtt_demo\i2c.__i'.
compiling tim.c...
Fatal error: C3904U: Could not open via file 'mqtt_demo\tim.__i'.
compiling usart.c...
Fatal error: C3904U: Could not open via file 'mqtt_demo\usart.__i'.
compiling stm32f1xx_it.c...
Fatal error: C3904U: Could not open via file 'mqtt_demo\stm32f1xx_it.__i'.
compiling stm32f1xx_hal_msp.c...
Fatal error: C3904U: Could not open via file 'mqtt_demo\stm32f1xx_hal_msp.__i'.
compiling stm32f1xx_hal_gpio_ex.c...
Fatal error: C3904U: Could not open via file 'mqtt_demo\stm32f1xx_hal_gpio_ex.__i'.
compiling stm32f1xx_hal_i2c.c...
Fatal error: C3904U: Could not open via file 'mqtt_demo\stm32f1xx_hal_i2c.__i'.
compiling stm32f1xx_hal.c...
Fatal error: C3904U: Could not open via file 'mqtt_demo\stm32f1xx_hal.__i'.
compiling stm32f1xx_hal_rcc.c...
Fatal error: C3904U: Could not open via file 'mqtt_demo\stm32f1xx_hal_rcc.__i'.
compiling stm32f1xx_hal_rcc_ex.c...
Fatal error: C3904U: Could not open via file 'mqtt_demo\stm32f1xx_hal_rcc_ex.__i'.
compiling stm32f1xx_hal_gpio.c...
Fatal error: C3904U: Could not open via file 'mqtt_demo\stm32f1xx_hal_gpio.__i'.
compiling stm32f1xx_hal_dma.c...
Fatal error: C3904U: Could not open via file 'mqtt_demo\stm32f1xx_hal_dma.__i'.
compiling stm32f1xx_hal_cortex.c...
Fatal error: C3904U: Could not open via file 'mqtt_demo\stm32f1xx_hal_cortex.__i'.
compiling stm32f1xx_hal_pwr.c...
Fatal error: C3904U: Could not open via file 'mqtt_demo\stm32f1xx_hal_pwr.__i'.
compiling stm32f1xx_hal_flash.c...
Fatal error: C3904U: Could not open via file 'mqtt_demo\stm32f1xx_hal_flash.__i'.
compiling stm32f1xx_hal_flash_ex.c...
Fatal error: C3904U: Could not open via file 'mqtt_demo\stm32f1xx_hal_flash_ex.__i'.
compiling stm32f1xx_hal_exti.c...
Fatal error: C3904U: Could not open via file 'mqtt_demo\stm32f1xx_hal_exti.__i'.
compiling stm32f1xx_hal_tim.c...
Fatal error: C3904U: Could not open via file 'mqtt_demo\stm32f1xx_hal_tim.__i'.
compiling stm32f1xx_hal_tim_ex.c...
Fatal error: C3904U: Could not open via file 'mqtt_demo\stm32f1xx_hal_tim_ex.__i'.
compiling stm32f1xx_hal_uart.c...
Fatal error: C3904U: Could not open via file 'mqtt_demo\stm32f1xx_hal_uart.__i'.
compiling system_stm32f1xx.c...
Fatal error: C3904U: Could not open via file 'mqtt_demo\system_stm32f1xx.__i'.
compiling esp8266.c...
Fatal error: C3904U: Could not open via file 'mqtt_demo\esp8266.__i'.
compiling MqttKit.c...
Fatal error: C3904U: Could not open via file 'mqtt_demo\mqttkit.__i'.
compiling onenet.c...
Fatal error: C3904U: Could not open via file 'mqtt_demo\onenet.__i'.
compiling dht11.c...
Fatal error: C3904U: Could not open via file 'mqtt_demo\dht11.__i'.
compiling bh1750.c...
Fatal error: C3904U: Could not open via file 'mqtt_demo\bh1750.__i'.
compiling oled.c...
Fatal error: C3904U: Could not open via file 'mqtt_demo\oled.__i'.
compiling systick.c...
Fatal error: C3904U: Could not open via file 'mqtt_demo\systick.__i'.
compiling mui.c...
Fatal error: C3904U: Could not open via file 'mqtt_demo\mui.__i'.
compiling mui_u8g2.c...
Fatal error: C3904U: Could not open via file 'mqtt_demo\mui_u8g2.__i'.
compiling u8g2_bitmap.c...
Fatal error: C3904U: Could not open via file 'mqtt_demo\u8g2_bitmap.__i'.
compiling u8g2_box.c...
Fatal error: C3904U: Could not open via file 'mqtt_demo\u8g2_box.__i'.
compiling u8g2_buffer.c...
Fatal error: C3904U: Could not open via file 'mqtt_demo\u8g2_buffer.__i'.
compiling u8g2_button.c...
Fatal error: C3904U: Could not open via file 'mqtt_demo\u8g2_button.__i'.
compiling u8g2_circle.c...
Fatal error: C3904U: Could not open via file 'mqtt_demo\u8g2_circle.__i'.
compiling u8g2_cleardisplay.c...
Fatal error: C3904U: Could not open via file 'mqtt_demo\u8g2_cleardisplay.__i'.
compiling u8g2_d_memory.c...
Fatal error: C3904U: Could not open via file 'mqtt_demo\u8g2_d_memory.__i'.
compiling u8g2_d_setup.c...
Fatal error: C3904U: Could not open via file 'mqtt_demo\u8g2_d_setup.__i'.
compiling u8g2_font.c...
Fatal error: C3904U: Could not open via file 'mqtt_demo\u8g2_font.__i'.
compiling u8g2_fonts.c...
Fatal error: C3904U: Could not open via file 'mqtt_demo\u8g2_fonts.__i'.
compiling u8g2_hvline.c...
Fatal error: C3904U: Could not open via file 'mqtt_demo\u8g2_hvline.__i'.
compiling u8g2_input_value.c...
Fatal error: C3904U: Could not open via file 'mqtt_demo\u8g2_input_value.__i'.
compiling u8g2_intersection.c...
Fatal error: C3904U: Could not open via file 'mqtt_demo\u8g2_intersection.__i'.
compiling u8g2_kerning.c...
Fatal error: C3904U: Could not open via file 'mqtt_demo\u8g2_kerning.__i'.
compiling u8g2_line.c...
Fatal error: C3904U: Could not open via file 'mqtt_demo\u8g2_line.__i'.
compiling u8g2_ll_hvline.c...
Fatal error: C3904U: Could not open via file 'mqtt_demo\u8g2_ll_hvline.__i'.
compiling u8g2_message.c...
Fatal error: C3904U: Could not open via file 'mqtt_demo\u8g2_message.__i'.
compiling u8g2_polygon.c...
Fatal error: C3904U: Could not open via file 'mqtt_demo\u8g2_polygon.__i'.
compiling u8g2_selection_list.c...
Fatal error: C3904U: Could not open via file 'mqtt_demo\u8g2_selection_list.__i'.
compiling u8g2_setup.c...
Fatal error: C3904U: Could not open via file 'mqtt_demo\u8g2_setup.__i'.
compiling u8log.c...
Fatal error: C3904U: Could not open via file 'mqtt_demo\u8log.__i'.
compiling u8log_u8g2.c...
Fatal error: C3904U: Could not open via file 'mqtt_demo\u8log_u8g2.__i'.
compiling u8log_u8x8.c...
Fatal error: C3904U: Could not open via file 'mqtt_demo\u8log_u8x8.__i'.
compiling u8x8_8x8.c...
Fatal error: C3904U: Could not open via file 'mqtt_demo\u8x8_8x8.__i'.
compiling u8x8_byte.c...
Fatal error: C3904U: Could not open via file 'mqtt_demo\u8x8_byte.__i'.
compiling u8x8_cad.c...
Fatal error: C3904U: Could not open via file 'mqtt_demo\u8x8_cad.__i'.
compiling u8x8_capture.c...
Fatal error: C3904U: Could not open via file 'mqtt_demo\u8x8_capture.__i'.
compiling u8x8_d_a2printer.c...
Fatal error: C3904U: Could not open via file 'mqtt_demo\u8x8_d_a2printer.__i'.
compiling u8x8_d_gp1247ai.c...
Fatal error: C3904U: Could not open via file 'mqtt_demo\u8x8_d_gp1247ai.__i'.
compiling u8x8_d_gp1287ai.c...
Fatal error: C3904U: Could not open via file 'mqtt_demo\u8x8_d_gp1287ai.__i'.
compiling u8x8_d_gu800.c...
Fatal error: C3904U: Could not open via file 'mqtt_demo\u8x8_d_gu800.__i'.
compiling u8x8_d_hd44102.c...
Fatal error: C3904U: Could not open via file 'mqtt_demo\u8x8_d_hd44102.__i'.
compiling u8x8_d_il3820_296x128.c...
Fatal error: C3904U: Could not open via file 'mqtt_demo\u8x8_d_il3820_296x128.__i'.
compiling u8x8_d_ist3020.c...
Fatal error: C3904U: Could not open via file 'mqtt_demo\u8x8_d_ist3020.__i'.
compiling u8x8_d_ist3088.c...
Fatal error: C3904U: Could not open via file 'mqtt_demo\u8x8_d_ist3088.__i'.
compiling u8x8_d_ist7920.c...
Fatal error: C3904U: Could not open via file 'mqtt_demo\u8x8_d_ist7920.__i'.
compiling u8x8_d_ks0108.c...
Fatal error: C3904U: Could not open via file 'mqtt_demo\u8x8_d_ks0108.__i'.
compiling u8x8_d_lc7981.c...
Fatal error: C3904U: Could not open via file 'mqtt_demo\u8x8_d_lc7981.__i'.
compiling u8x8_d_ld7032_60x32.c...
Fatal error: C3904U: Could not open via file 'mqtt_demo\u8x8_d_ld7032_60x32.__i'.
compiling u8x8_d_ls013b7dh03.c...
Fatal error: C3904U: Could not open via file 'mqtt_demo\u8x8_d_ls013b7dh03.__i'.
compiling u8x8_d_max7219.c...
Fatal error: C3904U: Could not open via file 'mqtt_demo\u8x8_d_max7219.__i'.
compiling u8x8_d_pcd8544_84x48.c...
Fatal error: C3904U: Could not open via file 'mqtt_demo\u8x8_d_pcd8544_84x48.__i'.
compiling u8x8_d_pcf8812.c...
Fatal error: C3904U: Could not open via file 'mqtt_demo\u8x8_d_pcf8812.__i'.
compiling u8x8_d_pcf8814_hx1230.c...
compiling u8x8_d_s1d15e06.c...
compiling u8x8_d_s1d15300.c...
compiling u8x8_d_s1d15721.c...
compiling u8x8_d_sbn1661.c...
compiling u8x8_d_sed1330.c...
compiling u8x8_d_sh1106_64x32.c...
compiling u8x8_d_sh1106_72x40.c...
compiling u8x8_d_sh1107.c...
compiling u8x8_d_sh1108.c...
compiling u8x8_d_sh1122.c...
compiling u8x8_d_ssd1305.c...
compiling u8x8_d_ssd1306_48x64.c...
compiling u8x8_d_ssd1306_64x32.c...
compiling u8x8_d_ssd1306_64x48.c...
compiling u8x8_d_ssd1306_72x40.c...
compiling u8x8_d_ssd1306_96x16.c...
compiling u8x8_d_ssd1306_96x40.c...
compiling u8x8_d_ssd1306_128x32.c...
compiling u8x8_d_ssd1306_128x64_noname.c...
compiling u8x8_d_ssd1306_2040x16.c...
compiling u8x8_d_ssd1309.c...
compiling u8x8_d_ssd1316.c...
compiling u8x8_d_ssd1317.c...
compiling u8x8_d_ssd1318.c...
compiling u8x8_d_ssd1320.c...
compiling u8x8_d_ssd1322.c...
compiling u8x8_d_ssd1325.c...
compiling u8x8_d_ssd1326.c...
compiling u8x8_d_ssd1327.c...
compiling u8x8_d_ssd1329.c...
compiling u8x8_d_ssd1362.c...
compiling u8x8_d_ssd1606_172x72.c...
compiling u8x8_d_ssd1607_200x200.c...
compiling u8x8_d_st7511.c...
compiling u8x8_d_st7528.c...
..\U8G2_Src\u8x8_d_st7528.c(124): warning:  #111-D: statement is unreachable
        break;
..\U8G2_Src\u8x8_d_st7528.c: 1 warning, 0 errors
compiling u8x8_d_st7565.c...
compiling u8x8_d_st7567.c...
compiling u8x8_d_st7571.c...
compiling u8x8_d_st7586s_erc240160.c...
compiling u8x8_d_st7586s_jlx384160.c...
compiling u8x8_d_st7586s_s028hn118a.c...
compiling u8x8_d_st7586s_ymc240160.c...
compiling u8x8_d_st7588.c...
compiling u8x8_d_st7920.c...
..\U8G2_Src\u8x8_d_st7920.c(321): warning:  #1-D: last line of file ends without a newline
  }
..\U8G2_Src\u8x8_d_st7920.c: 1 warning, 0 errors
compiling u8x8_d_st75160.c...
compiling u8x8_d_st75256.c...
compiling u8x8_d_st75320.c...
compiling u8x8_d_stdio.c...
compiling u8x8_d_t6963.c...
..\U8G2_Src\u8x8_d_t6963.c(564): warning:  #1-D: last line of file ends without a newline
    
..\U8G2_Src\u8x8_d_t6963.c: 1 warning, 0 errors
compiling u8x8_d_uc1601.c...
compiling u8x8_d_uc1604.c...
compiling u8x8_d_uc1608.c...
compiling u8x8_d_uc1609.c...
compiling u8x8_d_uc1610.c...
compiling u8x8_d_uc1611.c...
compiling u8x8_d_uc1617.c...
compiling u8x8_d_uc1638.c...
compiling u8x8_d_uc1701_dogs102.c...
compiling u8x8_d_uc1701_mini12864.c...
compiling u8x8_debounce.c...
compiling u8x8_display.c...
..\U8G2_Src\u8x8_display.c(203): warning:  #1-D: last line of file ends without a newline
  }
..\U8G2_Src\u8x8_display.c: 1 warning, 0 errors
compiling u8x8_fonts.c...
compiling u8x8_gpio.c...
..\U8G2_Src\u8x8_gpio.c(50): warning:  #1-D: last line of file ends without a newline
  */
..\U8G2_Src\u8x8_gpio.c: 1 warning, 0 errors
compiling u8x8_input_value.c...
compiling u8x8_message.c...
compiling u8x8_selection_list.c...
compiling u8x8_setup.c...
compiling u8x8_string.c...
compiling u8x8_u8toa.c...
compiling u8x8_u16toa.c...
..\U8G2_Src\u8x8_u16toa.c(77): warning:  #1-D: last line of file ends without a newline
  }
..\U8G2_Src\u8x8_u16toa.c: 1 warning, 0 errors
compiling ui.c...
..\UI\ui.h(23): warning:  #1-D: last line of file ends without a newline
  #endif
..\UI\ui.c: 1 warning, 0 errors
linking...
MQTT_DEMO\MQTT_DEMO.axf: error: L6002U: Could not open file mqtt_demo\stm32f1xx_hal_i2c.o: No such file or directory
Finished: 0 information, 0 warning, 0 error and 1 fatal error messages.
"MQTT_DEMO\MQTT_DEMO.axf" - 1 Error(s), 12 Warning(s).
Target not created.
